<?xml version="1.0" encoding="UTF-8"?>
<testsuite xmlns:xsi="http://www.w3.org/2001/XMLSchema-instance" xsi:noNamespaceSchemaLocation="https://maven.apache.org/surefire/maven-surefire-plugin/xsd/surefire-test-report.xsd" name="com.api.test.cases.ApiParameterizedTest" time="2.644" tests="2" errors="0" skipped="0" failures="0">
  <properties>
[...]
</properties>
  <testcase name="apiTest{ApiTestCaseModel, String, String}[1]" classname="com.api.test.cases.ApiParameterizedTest" time="1.797"/>
  <testcase name="apiTest{ApiTestCaseModel, String, String}[2]" classname="com.api.test.cases.ApiParameterizedTest" time="0.495"/>
</testsuite>